<?xml version="1.0" encoding="UTF-8"?>
<!-- Generated by org.testng.reporters.JUnitReportReporter -->
<testsuite hostname="Sasidharans-MacBook-Pro.local" failures="0" tests="1" name="testcases.Tc_001_Train_Search" time="6.021" errors="0" timestamp="2024-04-16T10:37:17 IST" skipped="0">
  <testcase classname="testcases.Tc_001_Train_Search" name="verify_Train_Search" time="6.021"/>
</testsuite> <!-- testcases.Tc_001_Train_Search -->
