<?xml version="1.0" encoding="UTF-8"?>
<!-- Generated by org.testng.reporters.JUnitReportReporter -->
<testsuite hostname="Sasidharans-MacBook-Pro.local" failures="0" tests="1" name="testcases.saravanan" time="0.009" errors="0" timestamp="2024-04-11T10:42:29 IST" skipped="0">
  <testcase classname="testcases.saravanan" name="sample" time="0.009"/>
</testsuite> <!-- testcases.saravanan -->
